15-Feb-2022 22:22:19.761 INFO [main] org.apache.catalina.startup.VersionLoggerListener.log Server version name:   Apache Tomcat/9.0.55
15-Feb-2022 22:22:19.771 INFO [main] org.apache.catalina.startup.VersionLoggerListener.log Server built:          Nov 10 2021 08:26:45 UTC
15-Feb-2022 22:22:19.771 INFO [main] org.apache.catalina.startup.VersionLoggerListener.log Server version number: 9.0.55.0
15-Feb-2022 22:22:19.772 INFO [main] org.apache.catalina.startup.VersionLoggerListener.log OS Name:               Windows 10
15-Feb-2022 22:22:19.772 INFO [main] org.apache.catalina.startup.VersionLoggerListener.log OS Version:            10.0
15-Feb-2022 22:22:19.772 INFO [main] org.apache.catalina.startup.VersionLoggerListener.log Architecture:          amd64
15-Feb-2022 22:22:19.773 INFO [main] org.apache.catalina.startup.VersionLoggerListener.log Java Home:             C:\Program Files\Java\jdk-17
15-Feb-2022 22:22:19.773 INFO [main] org.apache.catalina.startup.VersionLoggerListener.log JVM Version:           17+35-LTS-2724
15-Feb-2022 22:22:19.773 INFO [main] org.apache.catalina.startup.VersionLoggerListener.log JVM Vendor:            Oracle Corporation
15-Feb-2022 22:22:19.773 INFO [main] org.apache.catalina.startup.VersionLoggerListener.log CATALINA_BASE:         C:\Users\Богдан\IdeaProjects\nix_8\hw_10_clean_spring\apache-tomcat-9.0.55
15-Feb-2022 22:22:19.774 INFO [main] org.apache.catalina.startup.VersionLoggerListener.log CATALINA_HOME:         C:\Users\Богдан\IdeaProjects\nix_8\hw_10_clean_spring\apache-tomcat-9.0.55
15-Feb-2022 22:22:19.809 INFO [main] org.apache.catalina.startup.VersionLoggerListener.log Command line argument: --add-opens=java.base/java.lang=ALL-UNNAMED
15-Feb-2022 22:22:19.810 INFO [main] org.apache.catalina.startup.VersionLoggerListener.log Command line argument: --add-opens=java.base/java.io=ALL-UNNAMED
15-Feb-2022 22:22:19.810 INFO [main] org.apache.catalina.startup.VersionLoggerListener.log Command line argument: --add-opens=java.base/java.util=ALL-UNNAMED
15-Feb-2022 22:22:19.810 INFO [main] org.apache.catalina.startup.VersionLoggerListener.log Command line argument: --add-opens=java.base/java.util.concurrent=ALL-UNNAMED
15-Feb-2022 22:22:19.810 INFO [main] org.apache.catalina.startup.VersionLoggerListener.log Command line argument: --add-opens=java.rmi/sun.rmi.transport=ALL-UNNAMED
15-Feb-2022 22:22:19.810 INFO [main] org.apache.catalina.startup.VersionLoggerListener.log Command line argument: -Djava.util.logging.config.file=C:/Users/Богдан/IdeaProjects/nix_8/hw_10_clean_spring/apache-tomcat-9.0.55/conf/logging.properties
15-Feb-2022 22:22:19.811 INFO [main] org.apache.catalina.startup.VersionLoggerListener.log Command line argument: -Djava.util.logging.manager=org.apache.juli.ClassLoaderLogManager
15-Feb-2022 22:22:19.811 INFO [main] org.apache.catalina.startup.VersionLoggerListener.log Command line argument: -Djdk.tls.ephemeralDHKeySize=2048
15-Feb-2022 22:22:19.811 INFO [main] org.apache.catalina.startup.VersionLoggerListener.log Command line argument: -Djava.protocol.handler.pkgs=org.apache.catalina.webresources
15-Feb-2022 22:22:19.812 INFO [main] org.apache.catalina.startup.VersionLoggerListener.log Command line argument: -Dorg.apache.catalina.security.SecurityListener.UMASK=0027
15-Feb-2022 22:22:19.812 INFO [main] org.apache.catalina.startup.VersionLoggerListener.log Command line argument: -Dignore.endorsed.dirs=
15-Feb-2022 22:22:19.812 INFO [main] org.apache.catalina.startup.VersionLoggerListener.log Command line argument: -Dcatalina.base=C:/Users/Богдан/IdeaProjects/nix_8/hw_10_clean_spring/apache-tomcat-9.0.55
15-Feb-2022 22:22:19.812 INFO [main] org.apache.catalina.startup.VersionLoggerListener.log Command line argument: -Dcatalina.home=C:/Users/Богдан/IdeaProjects/nix_8/hw_10_clean_spring/apache-tomcat-9.0.55
15-Feb-2022 22:22:19.812 INFO [main] org.apache.catalina.startup.VersionLoggerListener.log Command line argument: -Djava.io.tmpdir=C:/Users/Богдан/IdeaProjects/nix_8/hw_10_clean_spring/apache-tomcat-9.0.55/temp
15-Feb-2022 22:22:19.819 INFO [main] org.apache.catalina.core.AprLifecycleListener.lifecycleEvent The Apache Tomcat Native library which allows using OpenSSL was not found on the java.library.path: [C:\Program Files\Java\jdk-17\bin;C:\WINDOWS\Sun\Java\bin;C:\WINDOWS\system32;C:\WINDOWS;C:\Users\Богдан\bin;C:\Program Files\Git\mingw64\bin;C:\Program Files\Git\usr\local\bin;C:\Program Files\Git\usr\bin;C:\Program Files\Git\usr\bin;C:\Program Files\Git\mingw64\bin;C:\Program Files\Git\usr\bin;C:\Users\Богдан\bin;C:\ProgramData\Oracle\Java\javapath;C:\Program Files\Common Files\Oracle\Java\javapath;C:\WINDOWS\system32;C:\WINDOWS;C:\WINDOWS\System32\Wbem;C:\WINDOWS\System32\WindowsPowerShell\v1.0;C:\WINDOWS\System32\OpenSSH;C:\Program Files\Git\cmd;C:\Program Files\apache-maven-3.8.3\bin;C:\Program Files\nodejs;C:\Program Files\MySQL\MySQL Shell 8.0\bin;C:\Users\Богдан\AppData\Local\Microsoft\WindowsApps;C:\Program Files\JetBrains\IntelliJ IDEA 2021.2.2\bin;C:\Users\Богдан\AppData\Roaming\npm;C:\Program Files\Git\usr\bin\vendor_perl;C:\Program Files\Git\usr\bin\core_perl;.]
15-Feb-2022 22:22:20.276 INFO [main] org.apache.coyote.AbstractProtocol.init Initializing ProtocolHandler ["http-nio-8080"]
15-Feb-2022 22:22:20.308 INFO [main] org.apache.catalina.startup.Catalina.load Server initialization in [879] milliseconds
15-Feb-2022 22:22:20.361 INFO [main] org.apache.catalina.core.StandardService.startInternal Starting service [Catalina]
15-Feb-2022 22:22:20.361 INFO [main] org.apache.catalina.core.StandardEngine.startInternal Starting Servlet engine: [Apache Tomcat/9.0.55]
15-Feb-2022 22:22:20.374 INFO [main] org.apache.coyote.AbstractProtocol.start Starting ProtocolHandler ["http-nio-8080"]
15-Feb-2022 22:22:20.491 INFO [main] org.apache.catalina.startup.Catalina.start Server startup in [182] milliseconds
15-Feb-2022 22:23:49.341 INFO [main] org.apache.catalina.core.StandardServer.await A valid shutdown command was received via the shutdown port. Stopping the Server instance.
15-Feb-2022 22:23:49.342 INFO [main] org.apache.coyote.AbstractProtocol.pause Pausing ProtocolHandler ["http-nio-8080"]
15-Feb-2022 22:23:49.373 INFO [main] org.apache.catalina.core.StandardService.stopInternal Stopping service [Catalina]
15-Feb-2022 22:23:49.374 INFO [main] org.apache.coyote.AbstractProtocol.stop Stopping ProtocolHandler ["http-nio-8080"]
15-Feb-2022 22:23:49.390 INFO [main] org.apache.coyote.AbstractProtocol.destroy Destroying ProtocolHandler ["http-nio-8080"]
15-Feb-2022 22:23:56.871 INFO [main] org.apache.catalina.startup.VersionLoggerListener.log Server version name:   Apache Tomcat/9.0.55
15-Feb-2022 22:23:56.880 INFO [main] org.apache.catalina.startup.VersionLoggerListener.log Server built:          Nov 10 2021 08:26:45 UTC
15-Feb-2022 22:23:56.880 INFO [main] org.apache.catalina.startup.VersionLoggerListener.log Server version number: 9.0.55.0
15-Feb-2022 22:23:56.880 INFO [main] org.apache.catalina.startup.VersionLoggerListener.log OS Name:               Windows 10
15-Feb-2022 22:23:56.880 INFO [main] org.apache.catalina.startup.VersionLoggerListener.log OS Version:            10.0
15-Feb-2022 22:23:56.880 INFO [main] org.apache.catalina.startup.VersionLoggerListener.log Architecture:          amd64
15-Feb-2022 22:23:56.880 INFO [main] org.apache.catalina.startup.VersionLoggerListener.log Java Home:             C:\Program Files\Java\jdk-17
15-Feb-2022 22:23:56.881 INFO [main] org.apache.catalina.startup.VersionLoggerListener.log JVM Version:           17+35-LTS-2724
15-Feb-2022 22:23:56.881 INFO [main] org.apache.catalina.startup.VersionLoggerListener.log JVM Vendor:            Oracle Corporation
15-Feb-2022 22:23:56.881 INFO [main] org.apache.catalina.startup.VersionLoggerListener.log CATALINA_BASE:         C:\Users\Богдан\IdeaProjects\nix_8\hw_10_clean_spring\apache-tomcat-9.0.55
15-Feb-2022 22:23:56.881 INFO [main] org.apache.catalina.startup.VersionLoggerListener.log CATALINA_HOME:         C:\Users\Богдан\IdeaProjects\nix_8\hw_10_clean_spring\apache-tomcat-9.0.55
15-Feb-2022 22:23:56.894 INFO [main] org.apache.catalina.startup.VersionLoggerListener.log Command line argument: --add-opens=java.base/java.lang=ALL-UNNAMED
15-Feb-2022 22:23:56.895 INFO [main] org.apache.catalina.startup.VersionLoggerListener.log Command line argument: --add-opens=java.base/java.io=ALL-UNNAMED
15-Feb-2022 22:23:56.895 INFO [main] org.apache.catalina.startup.VersionLoggerListener.log Command line argument: --add-opens=java.base/java.util=ALL-UNNAMED
15-Feb-2022 22:23:56.895 INFO [main] org.apache.catalina.startup.VersionLoggerListener.log Command line argument: --add-opens=java.base/java.util.concurrent=ALL-UNNAMED
15-Feb-2022 22:23:56.895 INFO [main] org.apache.catalina.startup.VersionLoggerListener.log Command line argument: --add-opens=java.rmi/sun.rmi.transport=ALL-UNNAMED
15-Feb-2022 22:23:56.896 INFO [main] org.apache.catalina.startup.VersionLoggerListener.log Command line argument: -Djava.util.logging.config.file=C:/Users/Богдан/IdeaProjects/nix_8/hw_10_clean_spring/apache-tomcat-9.0.55/conf/logging.properties
15-Feb-2022 22:23:56.896 INFO [main] org.apache.catalina.startup.VersionLoggerListener.log Command line argument: -Djava.util.logging.manager=org.apache.juli.ClassLoaderLogManager
15-Feb-2022 22:23:56.896 INFO [main] org.apache.catalina.startup.VersionLoggerListener.log Command line argument: -Djdk.tls.ephemeralDHKeySize=2048
15-Feb-2022 22:23:56.896 INFO [main] org.apache.catalina.startup.VersionLoggerListener.log Command line argument: -Djava.protocol.handler.pkgs=org.apache.catalina.webresources
15-Feb-2022 22:23:56.896 INFO [main] org.apache.catalina.startup.VersionLoggerListener.log Command line argument: -Dorg.apache.catalina.security.SecurityListener.UMASK=0027
15-Feb-2022 22:23:56.896 INFO [main] org.apache.catalina.startup.VersionLoggerListener.log Command line argument: -Dignore.endorsed.dirs=
15-Feb-2022 22:23:56.896 INFO [main] org.apache.catalina.startup.VersionLoggerListener.log Command line argument: -Dcatalina.base=C:/Users/Богдан/IdeaProjects/nix_8/hw_10_clean_spring/apache-tomcat-9.0.55
15-Feb-2022 22:23:56.897 INFO [main] org.apache.catalina.startup.VersionLoggerListener.log Command line argument: -Dcatalina.home=C:/Users/Богдан/IdeaProjects/nix_8/hw_10_clean_spring/apache-tomcat-9.0.55
15-Feb-2022 22:23:56.897 INFO [main] org.apache.catalina.startup.VersionLoggerListener.log Command line argument: -Djava.io.tmpdir=C:/Users/Богдан/IdeaProjects/nix_8/hw_10_clean_spring/apache-tomcat-9.0.55/temp
15-Feb-2022 22:23:56.902 INFO [main] org.apache.catalina.core.AprLifecycleListener.lifecycleEvent The Apache Tomcat Native library which allows using OpenSSL was not found on the java.library.path: [C:\Program Files\Java\jdk-17\bin;C:\WINDOWS\Sun\Java\bin;C:\WINDOWS\system32;C:\WINDOWS;C:\Users\Богдан\bin;C:\Program Files\Git\mingw64\bin;C:\Program Files\Git\usr\local\bin;C:\Program Files\Git\usr\bin;C:\Program Files\Git\usr\bin;C:\Program Files\Git\mingw64\bin;C:\Program Files\Git\usr\bin;C:\Users\Богдан\bin;C:\ProgramData\Oracle\Java\javapath;C:\Program Files\Common Files\Oracle\Java\javapath;C:\WINDOWS\system32;C:\WINDOWS;C:\WINDOWS\System32\Wbem;C:\WINDOWS\System32\WindowsPowerShell\v1.0;C:\WINDOWS\System32\OpenSSH;C:\Program Files\Git\cmd;C:\Program Files\apache-maven-3.8.3\bin;C:\Program Files\nodejs;C:\Program Files\MySQL\MySQL Shell 8.0\bin;C:\Users\Богдан\AppData\Local\Microsoft\WindowsApps;C:\Program Files\JetBrains\IntelliJ IDEA 2021.2.2\bin;C:\Users\Богдан\AppData\Roaming\npm;C:\Program Files\Git\usr\bin\vendor_perl;C:\Program Files\Git\usr\bin\core_perl;.]
15-Feb-2022 22:23:57.236 INFO [main] org.apache.coyote.AbstractProtocol.init Initializing ProtocolHandler ["http-nio-8080"]
15-Feb-2022 22:23:57.267 INFO [main] org.apache.catalina.startup.Catalina.load Server initialization in [715] milliseconds
15-Feb-2022 22:23:57.327 INFO [main] org.apache.catalina.core.StandardService.startInternal Starting service [Catalina]
15-Feb-2022 22:23:57.327 INFO [main] org.apache.catalina.core.StandardEngine.startInternal Starting Servlet engine: [Apache Tomcat/9.0.55]
15-Feb-2022 22:23:57.352 INFO [main] org.apache.catalina.startup.HostConfig.deployWAR Deploying web application archive [C:\Users\Богдан\IdeaProjects\nix_8\hw_10_clean_spring\apache-tomcat-9.0.55\webapps\hw_10_clean_spring.war]
15-Feb-2022 22:24:01.087 INFO [main] org.apache.jasper.servlet.TldScanner.scanJars At least one JAR was scanned for TLDs yet contained no TLDs. Enable debug logging for this logger for a complete list of JARs that were scanned but no TLDs were found in them. Skipping unneeded JARs during scanning can improve startup time and JSP compilation time.
15-Feb-2022 22:24:02.349 INFO [main] org.hibernate.Version.logVersion HHH000412: Hibernate ORM core version 5.6.5.Final
15-Feb-2022 22:24:02.828 INFO [main] org.hibernate.annotations.common.reflection.java.JavaReflectionManager.<clinit> HCANN000001: Hibernate Commons Annotations {5.1.2.Final}
15-Feb-2022 22:24:03.384 INFO [main] org.hibernate.dialect.Dialect.<init> HHH000400: Using dialect: org.hibernate.dialect.MySQL8Dialect
15-Feb-2022 22:24:05.189 INFO [main] org.hibernate.engine.transaction.jta.platform.internal.JtaPlatformInitiator.initiateService HHH000490: Using JtaPlatform implementation: [org.hibernate.engine.transaction.jta.platform.internal.NoJtaPlatform]
15-Feb-2022 22:24:06.267 INFO [main] org.apache.catalina.startup.HostConfig.deployWAR Deployment of web application archive [C:\Users\Богдан\IdeaProjects\nix_8\hw_10_clean_spring\apache-tomcat-9.0.55\webapps\hw_10_clean_spring.war] has finished in [8,916] ms
15-Feb-2022 22:24:06.271 INFO [main] org.apache.coyote.AbstractProtocol.start Starting ProtocolHandler ["http-nio-8080"]
15-Feb-2022 22:24:06.316 INFO [main] org.apache.catalina.startup.Catalina.start Server startup in [9048] milliseconds
15-Feb-2022 22:24:53.009 INFO [main] org.apache.catalina.core.StandardServer.await A valid shutdown command was received via the shutdown port. Stopping the Server instance.
15-Feb-2022 22:24:53.009 INFO [main] org.apache.coyote.AbstractProtocol.pause Pausing ProtocolHandler ["http-nio-8080"]
15-Feb-2022 22:24:53.018 INFO [main] org.apache.catalina.core.StandardService.stopInternal Stopping service [Catalina]
15-Feb-2022 22:24:53.050 WARNING [main] org.apache.catalina.loader.WebappClassLoaderBase.clearReferencesJdbc The web application [hw_10_clean_spring] registered the JDBC driver [com.mysql.cj.jdbc.Driver] but failed to unregister it when the web application was stopped. To prevent a memory leak, the JDBC Driver has been forcibly unregistered.
15-Feb-2022 22:24:53.051 WARNING [main] org.apache.catalina.loader.WebappClassLoaderBase.clearReferencesThreads The web application [hw_10_clean_spring] appears to have started a thread named [mysql-cj-abandoned-connection-cleanup] but has failed to stop it. This is very likely to create a memory leak. Stack trace of thread:
 java.base@17/java.lang.Object.wait(Native Method)
 java.base@17/java.lang.ref.ReferenceQueue.remove(ReferenceQueue.java:155)
 com.mysql.cj.jdbc.AbandonedConnectionCleanupThread.run(AbandonedConnectionCleanupThread.java:91)
 java.base@17/java.util.concurrent.ThreadPoolExecutor.runWorker(ThreadPoolExecutor.java:1136)
 java.base@17/java.util.concurrent.ThreadPoolExecutor$Worker.run(ThreadPoolExecutor.java:635)
 java.base@17/java.lang.Thread.run(Thread.java:833)
15-Feb-2022 22:24:53.055 INFO [main] org.apache.coyote.AbstractProtocol.stop Stopping ProtocolHandler ["http-nio-8080"]
15-Feb-2022 22:24:53.063 INFO [main] org.apache.coyote.AbstractProtocol.destroy Destroying ProtocolHandler ["http-nio-8080"]
15-Feb-2022 22:25:00.478 INFO [main] org.apache.catalina.startup.VersionLoggerListener.log Server version name:   Apache Tomcat/9.0.55
15-Feb-2022 22:25:00.482 INFO [main] org.apache.catalina.startup.VersionLoggerListener.log Server built:          Nov 10 2021 08:26:45 UTC
15-Feb-2022 22:25:00.482 INFO [main] org.apache.catalina.startup.VersionLoggerListener.log Server version number: 9.0.55.0
15-Feb-2022 22:25:00.482 INFO [main] org.apache.catalina.startup.VersionLoggerListener.log OS Name:               Windows 10
15-Feb-2022 22:25:00.483 INFO [main] org.apache.catalina.startup.VersionLoggerListener.log OS Version:            10.0
15-Feb-2022 22:25:00.483 INFO [main] org.apache.catalina.startup.VersionLoggerListener.log Architecture:          amd64
15-Feb-2022 22:25:00.483 INFO [main] org.apache.catalina.startup.VersionLoggerListener.log Java Home:             C:\Program Files\Java\jdk-17
15-Feb-2022 22:25:00.483 INFO [main] org.apache.catalina.startup.VersionLoggerListener.log JVM Version:           17+35-LTS-2724
15-Feb-2022 22:25:00.483 INFO [main] org.apache.catalina.startup.VersionLoggerListener.log JVM Vendor:            Oracle Corporation
15-Feb-2022 22:25:00.483 INFO [main] org.apache.catalina.startup.VersionLoggerListener.log CATALINA_BASE:         C:\Users\Богдан\IdeaProjects\nix_8\hw_10_clean_spring\apache-tomcat-9.0.55
15-Feb-2022 22:25:00.483 INFO [main] org.apache.catalina.startup.VersionLoggerListener.log CATALINA_HOME:         C:\Users\Богдан\IdeaProjects\nix_8\hw_10_clean_spring\apache-tomcat-9.0.55
15-Feb-2022 22:25:00.498 INFO [main] org.apache.catalina.startup.VersionLoggerListener.log Command line argument: --add-opens=java.base/java.lang=ALL-UNNAMED
15-Feb-2022 22:25:00.498 INFO [main] org.apache.catalina.startup.VersionLoggerListener.log Command line argument: --add-opens=java.base/java.io=ALL-UNNAMED
15-Feb-2022 22:25:00.499 INFO [main] org.apache.catalina.startup.VersionLoggerListener.log Command line argument: --add-opens=java.base/java.util=ALL-UNNAMED
15-Feb-2022 22:25:00.499 INFO [main] org.apache.catalina.startup.VersionLoggerListener.log Command line argument: --add-opens=java.base/java.util.concurrent=ALL-UNNAMED
15-Feb-2022 22:25:00.499 INFO [main] org.apache.catalina.startup.VersionLoggerListener.log Command line argument: --add-opens=java.rmi/sun.rmi.transport=ALL-UNNAMED
15-Feb-2022 22:25:00.499 INFO [main] org.apache.catalina.startup.VersionLoggerListener.log Command line argument: -Djava.util.logging.config.file=C:/Users/Богдан/IdeaProjects/nix_8/hw_10_clean_spring/apache-tomcat-9.0.55/conf/logging.properties
15-Feb-2022 22:25:00.500 INFO [main] org.apache.catalina.startup.VersionLoggerListener.log Command line argument: -Djava.util.logging.manager=org.apache.juli.ClassLoaderLogManager
15-Feb-2022 22:25:00.500 INFO [main] org.apache.catalina.startup.VersionLoggerListener.log Command line argument: -Djdk.tls.ephemeralDHKeySize=2048
15-Feb-2022 22:25:00.500 INFO [main] org.apache.catalina.startup.VersionLoggerListener.log Command line argument: -Djava.protocol.handler.pkgs=org.apache.catalina.webresources
15-Feb-2022 22:25:00.500 INFO [main] org.apache.catalina.startup.VersionLoggerListener.log Command line argument: -Dorg.apache.catalina.security.SecurityListener.UMASK=0027
15-Feb-2022 22:25:00.500 INFO [main] org.apache.catalina.startup.VersionLoggerListener.log Command line argument: -Dignore.endorsed.dirs=
15-Feb-2022 22:25:00.500 INFO [main] org.apache.catalina.startup.VersionLoggerListener.log Command line argument: -Dcatalina.base=C:/Users/Богдан/IdeaProjects/nix_8/hw_10_clean_spring/apache-tomcat-9.0.55
15-Feb-2022 22:25:00.501 INFO [main] org.apache.catalina.startup.VersionLoggerListener.log Command line argument: -Dcatalina.home=C:/Users/Богдан/IdeaProjects/nix_8/hw_10_clean_spring/apache-tomcat-9.0.55
15-Feb-2022 22:25:00.501 INFO [main] org.apache.catalina.startup.VersionLoggerListener.log Command line argument: -Djava.io.tmpdir=C:/Users/Богдан/IdeaProjects/nix_8/hw_10_clean_spring/apache-tomcat-9.0.55/temp
15-Feb-2022 22:25:00.506 INFO [main] org.apache.catalina.core.AprLifecycleListener.lifecycleEvent The Apache Tomcat Native library which allows using OpenSSL was not found on the java.library.path: [C:\Program Files\Java\jdk-17\bin;C:\WINDOWS\Sun\Java\bin;C:\WINDOWS\system32;C:\WINDOWS;C:\Users\Богдан\bin;C:\Program Files\Git\mingw64\bin;C:\Program Files\Git\usr\local\bin;C:\Program Files\Git\usr\bin;C:\Program Files\Git\usr\bin;C:\Program Files\Git\mingw64\bin;C:\Program Files\Git\usr\bin;C:\Users\Богдан\bin;C:\ProgramData\Oracle\Java\javapath;C:\Program Files\Common Files\Oracle\Java\javapath;C:\WINDOWS\system32;C:\WINDOWS;C:\WINDOWS\System32\Wbem;C:\WINDOWS\System32\WindowsPowerShell\v1.0;C:\WINDOWS\System32\OpenSSH;C:\Program Files\Git\cmd;C:\Program Files\apache-maven-3.8.3\bin;C:\Program Files\nodejs;C:\Program Files\MySQL\MySQL Shell 8.0\bin;C:\Users\Богдан\AppData\Local\Microsoft\WindowsApps;C:\Program Files\JetBrains\IntelliJ IDEA 2021.2.2\bin;C:\Users\Богдан\AppData\Roaming\npm;C:\Program Files\Git\usr\bin\vendor_perl;C:\Program Files\Git\usr\bin\core_perl;.]
15-Feb-2022 22:25:00.895 INFO [main] org.apache.coyote.AbstractProtocol.init Initializing ProtocolHandler ["http-nio-8080"]
15-Feb-2022 22:25:00.924 INFO [main] org.apache.catalina.startup.Catalina.load Server initialization in [852] milliseconds
15-Feb-2022 22:25:00.979 INFO [main] org.apache.catalina.core.StandardService.startInternal Starting service [Catalina]
15-Feb-2022 22:25:00.980 INFO [main] org.apache.catalina.core.StandardEngine.startInternal Starting Servlet engine: [Apache Tomcat/9.0.55]
15-Feb-2022 22:25:00.993 INFO [main] org.apache.coyote.AbstractProtocol.start Starting ProtocolHandler ["http-nio-8080"]
15-Feb-2022 22:25:01.092 INFO [main] org.apache.catalina.startup.Catalina.start Server startup in [167] milliseconds
15-Feb-2022 22:31:11.421 INFO [main] org.apache.catalina.core.StandardServer.await A valid shutdown command was received via the shutdown port. Stopping the Server instance.
15-Feb-2022 22:31:11.421 INFO [main] org.apache.coyote.AbstractProtocol.pause Pausing ProtocolHandler ["http-nio-8080"]
15-Feb-2022 22:31:11.430 INFO [main] org.apache.catalina.core.StandardService.stopInternal Stopping service [Catalina]
15-Feb-2022 22:31:11.431 INFO [main] org.apache.coyote.AbstractProtocol.stop Stopping ProtocolHandler ["http-nio-8080"]
15-Feb-2022 22:31:11.434 INFO [main] org.apache.coyote.AbstractProtocol.destroy Destroying ProtocolHandler ["http-nio-8080"]
15-Feb-2022 22:31:18.671 INFO [main] org.apache.catalina.startup.VersionLoggerListener.log Server version name:   Apache Tomcat/9.0.55
15-Feb-2022 22:31:18.676 INFO [main] org.apache.catalina.startup.VersionLoggerListener.log Server built:          Nov 10 2021 08:26:45 UTC
15-Feb-2022 22:31:18.677 INFO [main] org.apache.catalina.startup.VersionLoggerListener.log Server version number: 9.0.55.0
15-Feb-2022 22:31:18.677 INFO [main] org.apache.catalina.startup.VersionLoggerListener.log OS Name:               Windows 10
15-Feb-2022 22:31:18.677 INFO [main] org.apache.catalina.startup.VersionLoggerListener.log OS Version:            10.0
15-Feb-2022 22:31:18.677 INFO [main] org.apache.catalina.startup.VersionLoggerListener.log Architecture:          amd64
15-Feb-2022 22:31:18.677 INFO [main] org.apache.catalina.startup.VersionLoggerListener.log Java Home:             C:\Program Files\Java\jdk-17
15-Feb-2022 22:31:18.678 INFO [main] org.apache.catalina.startup.VersionLoggerListener.log JVM Version:           17+35-LTS-2724
15-Feb-2022 22:31:18.678 INFO [main] org.apache.catalina.startup.VersionLoggerListener.log JVM Vendor:            Oracle Corporation
15-Feb-2022 22:31:18.678 INFO [main] org.apache.catalina.startup.VersionLoggerListener.log CATALINA_BASE:         C:\Users\Богдан\IdeaProjects\nix_8\hw_10_clean_spring\apache-tomcat-9.0.55
15-Feb-2022 22:31:18.678 INFO [main] org.apache.catalina.startup.VersionLoggerListener.log CATALINA_HOME:         C:\Users\Богдан\IdeaProjects\nix_8\hw_10_clean_spring\apache-tomcat-9.0.55
15-Feb-2022 22:31:18.694 INFO [main] org.apache.catalina.startup.VersionLoggerListener.log Command line argument: --add-opens=java.base/java.lang=ALL-UNNAMED
15-Feb-2022 22:31:18.694 INFO [main] org.apache.catalina.startup.VersionLoggerListener.log Command line argument: --add-opens=java.base/java.io=ALL-UNNAMED
15-Feb-2022 22:31:18.694 INFO [main] org.apache.catalina.startup.VersionLoggerListener.log Command line argument: --add-opens=java.base/java.util=ALL-UNNAMED
15-Feb-2022 22:31:18.694 INFO [main] org.apache.catalina.startup.VersionLoggerListener.log Command line argument: --add-opens=java.base/java.util.concurrent=ALL-UNNAMED
15-Feb-2022 22:31:18.694 INFO [main] org.apache.catalina.startup.VersionLoggerListener.log Command line argument: --add-opens=java.rmi/sun.rmi.transport=ALL-UNNAMED
15-Feb-2022 22:31:18.694 INFO [main] org.apache.catalina.startup.VersionLoggerListener.log Command line argument: -Djava.util.logging.config.file=C:/Users/Богдан/IdeaProjects/nix_8/hw_10_clean_spring/apache-tomcat-9.0.55/conf/logging.properties
15-Feb-2022 22:31:18.695 INFO [main] org.apache.catalina.startup.VersionLoggerListener.log Command line argument: -Djava.util.logging.manager=org.apache.juli.ClassLoaderLogManager
15-Feb-2022 22:31:18.695 INFO [main] org.apache.catalina.startup.VersionLoggerListener.log Command line argument: -Djdk.tls.ephemeralDHKeySize=2048
15-Feb-2022 22:31:18.695 INFO [main] org.apache.catalina.startup.VersionLoggerListener.log Command line argument: -Djava.protocol.handler.pkgs=org.apache.catalina.webresources
15-Feb-2022 22:31:18.695 INFO [main] org.apache.catalina.startup.VersionLoggerListener.log Command line argument: -Dorg.apache.catalina.security.SecurityListener.UMASK=0027
15-Feb-2022 22:31:18.695 INFO [main] org.apache.catalina.startup.VersionLoggerListener.log Command line argument: -Dignore.endorsed.dirs=
15-Feb-2022 22:31:18.695 INFO [main] org.apache.catalina.startup.VersionLoggerListener.log Command line argument: -Dcatalina.base=C:/Users/Богдан/IdeaProjects/nix_8/hw_10_clean_spring/apache-tomcat-9.0.55
15-Feb-2022 22:31:18.695 INFO [main] org.apache.catalina.startup.VersionLoggerListener.log Command line argument: -Dcatalina.home=C:/Users/Богдан/IdeaProjects/nix_8/hw_10_clean_spring/apache-tomcat-9.0.55
15-Feb-2022 22:31:18.695 INFO [main] org.apache.catalina.startup.VersionLoggerListener.log Command line argument: -Djava.io.tmpdir=C:/Users/Богдан/IdeaProjects/nix_8/hw_10_clean_spring/apache-tomcat-9.0.55/temp
15-Feb-2022 22:31:18.701 INFO [main] org.apache.catalina.core.AprLifecycleListener.lifecycleEvent The Apache Tomcat Native library which allows using OpenSSL was not found on the java.library.path: [C:\Program Files\Java\jdk-17\bin;C:\WINDOWS\Sun\Java\bin;C:\WINDOWS\system32;C:\WINDOWS;C:\Users\Богдан\bin;C:\Program Files\Git\mingw64\bin;C:\Program Files\Git\usr\local\bin;C:\Program Files\Git\usr\bin;C:\Program Files\Git\usr\bin;C:\Program Files\Git\mingw64\bin;C:\Program Files\Git\usr\bin;C:\Users\Богдан\bin;C:\ProgramData\Oracle\Java\javapath;C:\Program Files\Common Files\Oracle\Java\javapath;C:\WINDOWS\system32;C:\WINDOWS;C:\WINDOWS\System32\Wbem;C:\WINDOWS\System32\WindowsPowerShell\v1.0;C:\WINDOWS\System32\OpenSSH;C:\Program Files\Git\cmd;C:\Program Files\apache-maven-3.8.3\bin;C:\Program Files\nodejs;C:\Program Files\MySQL\MySQL Shell 8.0\bin;C:\Users\Богдан\AppData\Local\Microsoft\WindowsApps;C:\Program Files\JetBrains\IntelliJ IDEA 2021.2.2\bin;C:\Users\Богдан\AppData\Roaming\npm;C:\Program Files\Git\usr\bin\vendor_perl;C:\Program Files\Git\usr\bin\core_perl;.]
15-Feb-2022 22:31:19.010 INFO [main] org.apache.coyote.AbstractProtocol.init Initializing ProtocolHandler ["http-nio-8080"]
15-Feb-2022 22:31:19.037 INFO [main] org.apache.catalina.startup.Catalina.load Server initialization in [659] milliseconds
15-Feb-2022 22:31:19.087 INFO [main] org.apache.catalina.core.StandardService.startInternal Starting service [Catalina]
15-Feb-2022 22:31:19.087 INFO [main] org.apache.catalina.core.StandardEngine.startInternal Starting Servlet engine: [Apache Tomcat/9.0.55]
15-Feb-2022 22:31:19.107 INFO [main] org.apache.catalina.startup.HostConfig.deployWAR Deploying web application archive [C:\Users\Богдан\IdeaProjects\nix_8\hw_10_clean_spring\apache-tomcat-9.0.55\webapps\hw_10_clean_spring.war]
15-Feb-2022 22:31:22.367 INFO [main] org.apache.jasper.servlet.TldScanner.scanJars At least one JAR was scanned for TLDs yet contained no TLDs. Enable debug logging for this logger for a complete list of JARs that were scanned but no TLDs were found in them. Skipping unneeded JARs during scanning can improve startup time and JSP compilation time.
15-Feb-2022 22:31:23.638 INFO [main] org.hibernate.Version.logVersion HHH000412: Hibernate ORM core version 5.6.5.Final
15-Feb-2022 22:31:24.281 INFO [main] org.hibernate.annotations.common.reflection.java.JavaReflectionManager.<clinit> HCANN000001: Hibernate Commons Annotations {5.1.2.Final}
15-Feb-2022 22:31:25.049 INFO [main] org.hibernate.dialect.Dialect.<init> HHH000400: Using dialect: org.hibernate.dialect.MySQL8Dialect
15-Feb-2022 22:31:26.835 INFO [main] org.hibernate.engine.transaction.jta.platform.internal.JtaPlatformInitiator.initiateService HHH000490: Using JtaPlatform implementation: [org.hibernate.engine.transaction.jta.platform.internal.NoJtaPlatform]
15-Feb-2022 22:31:27.933 INFO [main] org.apache.catalina.startup.HostConfig.deployWAR Deployment of web application archive [C:\Users\Богдан\IdeaProjects\nix_8\hw_10_clean_spring\apache-tomcat-9.0.55\webapps\hw_10_clean_spring.war] has finished in [8,827] ms
15-Feb-2022 22:31:27.937 INFO [main] org.apache.coyote.AbstractProtocol.start Starting ProtocolHandler ["http-nio-8080"]
15-Feb-2022 22:31:27.977 INFO [main] org.apache.catalina.startup.Catalina.start Server startup in [8939] milliseconds
15-Feb-2022 22:32:17.973 INFO [Catalina-utility-1] org.apache.catalina.startup.HostConfig.undeploy Undeploying context [/hw_10_clean_spring]
15-Feb-2022 22:32:18.005 WARNING [Catalina-utility-1] org.apache.catalina.loader.WebappClassLoaderBase.clearReferencesJdbc The web application [hw_10_clean_spring] registered the JDBC driver [com.mysql.cj.jdbc.Driver] but failed to unregister it when the web application was stopped. To prevent a memory leak, the JDBC Driver has been forcibly unregistered.
15-Feb-2022 22:32:18.005 WARNING [Catalina-utility-1] org.apache.catalina.loader.WebappClassLoaderBase.clearReferencesThreads The web application [hw_10_clean_spring] appears to have started a thread named [mysql-cj-abandoned-connection-cleanup] but has failed to stop it. This is very likely to create a memory leak. Stack trace of thread:
 java.base@17/java.lang.Object.wait(Native Method)
 java.base@17/java.lang.ref.ReferenceQueue.remove(ReferenceQueue.java:155)
 com.mysql.cj.jdbc.AbandonedConnectionCleanupThread.run(AbandonedConnectionCleanupThread.java:91)
 java.base@17/java.util.concurrent.ThreadPoolExecutor.runWorker(ThreadPoolExecutor.java:1136)
 java.base@17/java.util.concurrent.ThreadPoolExecutor$Worker.run(ThreadPoolExecutor.java:635)
 java.base@17/java.lang.Thread.run(Thread.java:833)
15-Feb-2022 22:32:18.056 INFO [Catalina-utility-1] org.apache.catalina.startup.HostConfig.deployWAR Deploying web application archive [C:\Users\Богдан\IdeaProjects\nix_8\hw_10_clean_spring\apache-tomcat-9.0.55\webapps\hw_10_clean_spring.war]
15-Feb-2022 22:32:18.389 INFO [mysql-cj-abandoned-connection-cleanup] org.apache.catalina.loader.WebappClassLoaderBase.checkStateForResourceLoading Illegal access: this web application instance has been stopped already. Could not load []. The following stack trace is thrown for debugging purposes as well as to attempt to terminate the thread which caused the illegal access.
	java.lang.IllegalStateException: Illegal access: this web application instance has been stopped already. Could not load []. The following stack trace is thrown for debugging purposes as well as to attempt to terminate the thread which caused the illegal access.
		at org.apache.catalina.loader.WebappClassLoaderBase.checkStateForResourceLoading(WebappClassLoaderBase.java:1427)
		at org.apache.catalina.loader.WebappClassLoaderBase.getResource(WebappClassLoaderBase.java:1052)
		at com.mysql.cj.jdbc.AbandonedConnectionCleanupThread.checkThreadContextClassLoader(AbandonedConnectionCleanupThread.java:123)
		at com.mysql.cj.jdbc.AbandonedConnectionCleanupThread.run(AbandonedConnectionCleanupThread.java:90)
		at java.base/java.util.concurrent.ThreadPoolExecutor.runWorker(ThreadPoolExecutor.java:1136)
		at java.base/java.util.concurrent.ThreadPoolExecutor$Worker.run(ThreadPoolExecutor.java:635)
		at java.base/java.lang.Thread.run(Thread.java:833)
15-Feb-2022 22:32:20.708 INFO [Catalina-utility-1] org.apache.jasper.servlet.TldScanner.scanJars At least one JAR was scanned for TLDs yet contained no TLDs. Enable debug logging for this logger for a complete list of JARs that were scanned but no TLDs were found in them. Skipping unneeded JARs during scanning can improve startup time and JSP compilation time.
15-Feb-2022 22:32:21.755 INFO [Catalina-utility-1] org.hibernate.Version.logVersion HHH000412: Hibernate ORM core version 5.6.5.Final
15-Feb-2022 22:32:22.210 INFO [Catalina-utility-1] org.hibernate.annotations.common.reflection.java.JavaReflectionManager.<clinit> HCANN000001: Hibernate Commons Annotations {5.1.2.Final}
15-Feb-2022 22:32:22.660 INFO [Catalina-utility-1] org.hibernate.dialect.Dialect.<init> HHH000400: Using dialect: org.hibernate.dialect.MySQL8Dialect
15-Feb-2022 22:32:24.171 INFO [Catalina-utility-1] org.hibernate.engine.transaction.jta.platform.internal.JtaPlatformInitiator.initiateService HHH000490: Using JtaPlatform implementation: [org.hibernate.engine.transaction.jta.platform.internal.NoJtaPlatform]
15-Feb-2022 22:32:25.094 INFO [Catalina-utility-1] org.apache.catalina.startup.HostConfig.deployWAR Deployment of web application archive [C:\Users\Богдан\IdeaProjects\nix_8\hw_10_clean_spring\apache-tomcat-9.0.55\webapps\hw_10_clean_spring.war] has finished in [7,037] ms
15-Feb-2022 22:34:03.267 INFO [main] org.apache.catalina.core.StandardServer.await A valid shutdown command was received via the shutdown port. Stopping the Server instance.
15-Feb-2022 22:34:03.272 INFO [main] org.apache.coyote.AbstractProtocol.pause Pausing ProtocolHandler ["http-nio-8080"]
15-Feb-2022 22:34:03.280 INFO [main] org.apache.catalina.core.StandardService.stopInternal Stopping service [Catalina]
15-Feb-2022 22:34:03.312 WARNING [main] org.apache.catalina.loader.WebappClassLoaderBase.clearReferencesJdbc The web application [hw_10_clean_spring] registered the JDBC driver [com.mysql.cj.jdbc.Driver] but failed to unregister it when the web application was stopped. To prevent a memory leak, the JDBC Driver has been forcibly unregistered.
15-Feb-2022 22:34:03.313 WARNING [main] org.apache.catalina.loader.WebappClassLoaderBase.clearReferencesThreads The web application [hw_10_clean_spring] appears to have started a thread named [mysql-cj-abandoned-connection-cleanup] but has failed to stop it. This is very likely to create a memory leak. Stack trace of thread:
 java.base@17/java.lang.Object.wait(Native Method)
 java.base@17/java.lang.ref.ReferenceQueue.remove(ReferenceQueue.java:155)
 com.mysql.cj.jdbc.AbandonedConnectionCleanupThread.run(AbandonedConnectionCleanupThread.java:91)
 java.base@17/java.util.concurrent.ThreadPoolExecutor.runWorker(ThreadPoolExecutor.java:1136)
 java.base@17/java.util.concurrent.ThreadPoolExecutor$Worker.run(ThreadPoolExecutor.java:635)
 java.base@17/java.lang.Thread.run(Thread.java:833)
15-Feb-2022 22:34:03.315 INFO [main] org.apache.coyote.AbstractProtocol.stop Stopping ProtocolHandler ["http-nio-8080"]
15-Feb-2022 22:34:03.326 INFO [main] org.apache.coyote.AbstractProtocol.destroy Destroying ProtocolHandler ["http-nio-8080"]
15-Feb-2022 22:34:10.465 INFO [main] org.apache.catalina.startup.VersionLoggerListener.log Server version name:   Apache Tomcat/9.0.55
15-Feb-2022 22:34:10.470 INFO [main] org.apache.catalina.startup.VersionLoggerListener.log Server built:          Nov 10 2021 08:26:45 UTC
15-Feb-2022 22:34:10.471 INFO [main] org.apache.catalina.startup.VersionLoggerListener.log Server version number: 9.0.55.0
15-Feb-2022 22:34:10.471 INFO [main] org.apache.catalina.startup.VersionLoggerListener.log OS Name:               Windows 10
15-Feb-2022 22:34:10.471 INFO [main] org.apache.catalina.startup.VersionLoggerListener.log OS Version:            10.0
15-Feb-2022 22:34:10.471 INFO [main] org.apache.catalina.startup.VersionLoggerListener.log Architecture:          amd64
15-Feb-2022 22:34:10.471 INFO [main] org.apache.catalina.startup.VersionLoggerListener.log Java Home:             C:\Program Files\Java\jdk-17
15-Feb-2022 22:34:10.471 INFO [main] org.apache.catalina.startup.VersionLoggerListener.log JVM Version:           17+35-LTS-2724
15-Feb-2022 22:34:10.471 INFO [main] org.apache.catalina.startup.VersionLoggerListener.log JVM Vendor:            Oracle Corporation
15-Feb-2022 22:34:10.471 INFO [main] org.apache.catalina.startup.VersionLoggerListener.log CATALINA_BASE:         C:\Users\Богдан\IdeaProjects\nix_8\hw_10_clean_spring\apache-tomcat-9.0.55
15-Feb-2022 22:34:10.471 INFO [main] org.apache.catalina.startup.VersionLoggerListener.log CATALINA_HOME:         C:\Users\Богдан\IdeaProjects\nix_8\hw_10_clean_spring\apache-tomcat-9.0.55
15-Feb-2022 22:34:10.486 INFO [main] org.apache.catalina.startup.VersionLoggerListener.log Command line argument: --add-opens=java.base/java.lang=ALL-UNNAMED
15-Feb-2022 22:34:10.486 INFO [main] org.apache.catalina.startup.VersionLoggerListener.log Command line argument: --add-opens=java.base/java.io=ALL-UNNAMED
15-Feb-2022 22:34:10.487 INFO [main] org.apache.catalina.startup.VersionLoggerListener.log Command line argument: --add-opens=java.base/java.util=ALL-UNNAMED
15-Feb-2022 22:34:10.487 INFO [main] org.apache.catalina.startup.VersionLoggerListener.log Command line argument: --add-opens=java.base/java.util.concurrent=ALL-UNNAMED
15-Feb-2022 22:34:10.487 INFO [main] org.apache.catalina.startup.VersionLoggerListener.log Command line argument: --add-opens=java.rmi/sun.rmi.transport=ALL-UNNAMED
15-Feb-2022 22:34:10.487 INFO [main] org.apache.catalina.startup.VersionLoggerListener.log Command line argument: -Djava.util.logging.config.file=C:/Users/Богдан/IdeaProjects/nix_8/hw_10_clean_spring/apache-tomcat-9.0.55/conf/logging.properties
15-Feb-2022 22:34:10.487 INFO [main] org.apache.catalina.startup.VersionLoggerListener.log Command line argument: -Djava.util.logging.manager=org.apache.juli.ClassLoaderLogManager
15-Feb-2022 22:34:10.487 INFO [main] org.apache.catalina.startup.VersionLoggerListener.log Command line argument: -Djdk.tls.ephemeralDHKeySize=2048
15-Feb-2022 22:34:10.487 INFO [main] org.apache.catalina.startup.VersionLoggerListener.log Command line argument: -Djava.protocol.handler.pkgs=org.apache.catalina.webresources
15-Feb-2022 22:34:10.487 INFO [main] org.apache.catalina.startup.VersionLoggerListener.log Command line argument: -Dorg.apache.catalina.security.SecurityListener.UMASK=0027
15-Feb-2022 22:34:10.487 INFO [main] org.apache.catalina.startup.VersionLoggerListener.log Command line argument: -Dignore.endorsed.dirs=
15-Feb-2022 22:34:10.487 INFO [main] org.apache.catalina.startup.VersionLoggerListener.log Command line argument: -Dcatalina.base=C:/Users/Богдан/IdeaProjects/nix_8/hw_10_clean_spring/apache-tomcat-9.0.55
15-Feb-2022 22:34:10.488 INFO [main] org.apache.catalina.startup.VersionLoggerListener.log Command line argument: -Dcatalina.home=C:/Users/Богдан/IdeaProjects/nix_8/hw_10_clean_spring/apache-tomcat-9.0.55
15-Feb-2022 22:34:10.488 INFO [main] org.apache.catalina.startup.VersionLoggerListener.log Command line argument: -Djava.io.tmpdir=C:/Users/Богдан/IdeaProjects/nix_8/hw_10_clean_spring/apache-tomcat-9.0.55/temp
15-Feb-2022 22:34:10.493 INFO [main] org.apache.catalina.core.AprLifecycleListener.lifecycleEvent The Apache Tomcat Native library which allows using OpenSSL was not found on the java.library.path: [C:\Program Files\Java\jdk-17\bin;C:\WINDOWS\Sun\Java\bin;C:\WINDOWS\system32;C:\WINDOWS;C:\Users\Богдан\bin;C:\Program Files\Git\mingw64\bin;C:\Program Files\Git\usr\local\bin;C:\Program Files\Git\usr\bin;C:\Program Files\Git\usr\bin;C:\Program Files\Git\mingw64\bin;C:\Program Files\Git\usr\bin;C:\Users\Богдан\bin;C:\ProgramData\Oracle\Java\javapath;C:\Program Files\Common Files\Oracle\Java\javapath;C:\WINDOWS\system32;C:\WINDOWS;C:\WINDOWS\System32\Wbem;C:\WINDOWS\System32\WindowsPowerShell\v1.0;C:\WINDOWS\System32\OpenSSH;C:\Program Files\Git\cmd;C:\Program Files\apache-maven-3.8.3\bin;C:\Program Files\nodejs;C:\Program Files\MySQL\MySQL Shell 8.0\bin;C:\Users\Богдан\AppData\Local\Microsoft\WindowsApps;C:\Program Files\JetBrains\IntelliJ IDEA 2021.2.2\bin;C:\Users\Богдан\AppData\Roaming\npm;C:\Program Files\Git\usr\bin\vendor_perl;C:\Program Files\Git\usr\bin\core_perl;.]
15-Feb-2022 22:34:10.814 INFO [main] org.apache.coyote.AbstractProtocol.init Initializing ProtocolHandler ["http-nio-8080"]
15-Feb-2022 22:34:10.841 INFO [main] org.apache.catalina.startup.Catalina.load Server initialization in [679] milliseconds
15-Feb-2022 22:34:10.886 INFO [main] org.apache.catalina.core.StandardService.startInternal Starting service [Catalina]
15-Feb-2022 22:34:10.887 INFO [main] org.apache.catalina.core.StandardEngine.startInternal Starting Servlet engine: [Apache Tomcat/9.0.55]
15-Feb-2022 22:34:10.910 INFO [main] org.apache.catalina.startup.HostConfig.deployWAR Deploying web application archive [C:\Users\Богдан\IdeaProjects\nix_8\hw_10_clean_spring\apache-tomcat-9.0.55\webapps\hw_10_clean_spring.war]
15-Feb-2022 22:34:14.195 INFO [main] org.apache.jasper.servlet.TldScanner.scanJars At least one JAR was scanned for TLDs yet contained no TLDs. Enable debug logging for this logger for a complete list of JARs that were scanned but no TLDs were found in them. Skipping unneeded JARs during scanning can improve startup time and JSP compilation time.
15-Feb-2022 22:34:15.703 INFO [main] org.hibernate.Version.logVersion HHH000412: Hibernate ORM core version 5.6.5.Final
15-Feb-2022 22:34:16.191 INFO [main] org.hibernate.annotations.common.reflection.java.JavaReflectionManager.<clinit> HCANN000001: Hibernate Commons Annotations {5.1.2.Final}
15-Feb-2022 22:34:16.765 INFO [main] org.hibernate.dialect.Dialect.<init> HHH000400: Using dialect: org.hibernate.dialect.MySQL8Dialect
15-Feb-2022 22:34:18.467 INFO [main] org.hibernate.engine.transaction.jta.platform.internal.JtaPlatformInitiator.initiateService HHH000490: Using JtaPlatform implementation: [org.hibernate.engine.transaction.jta.platform.internal.NoJtaPlatform]
15-Feb-2022 22:34:19.497 INFO [main] org.apache.catalina.startup.HostConfig.deployWAR Deployment of web application archive [C:\Users\Богдан\IdeaProjects\nix_8\hw_10_clean_spring\apache-tomcat-9.0.55\webapps\hw_10_clean_spring.war] has finished in [8,586] ms
15-Feb-2022 22:34:19.500 INFO [main] org.apache.coyote.AbstractProtocol.start Starting ProtocolHandler ["http-nio-8080"]
15-Feb-2022 22:34:19.538 INFO [main] org.apache.catalina.startup.Catalina.start Server startup in [8696] milliseconds
15-Feb-2022 22:34:46.850 WARNING [main] org.apache.catalina.core.StandardServer.await Invalid shutdown command [] received
15-Feb-2022 22:39:00.291 INFO [main] org.apache.catalina.startup.VersionLoggerListener.log Server version name:   Apache Tomcat/9.0.55
15-Feb-2022 22:39:00.295 INFO [main] org.apache.catalina.startup.VersionLoggerListener.log Server built:          Nov 10 2021 08:26:45 UTC
15-Feb-2022 22:39:00.296 INFO [main] org.apache.catalina.startup.VersionLoggerListener.log Server version number: 9.0.55.0
15-Feb-2022 22:39:00.296 INFO [main] org.apache.catalina.startup.VersionLoggerListener.log OS Name:               Windows 10
15-Feb-2022 22:39:00.296 INFO [main] org.apache.catalina.startup.VersionLoggerListener.log OS Version:            10.0
15-Feb-2022 22:39:00.296 INFO [main] org.apache.catalina.startup.VersionLoggerListener.log Architecture:          amd64
15-Feb-2022 22:39:00.296 INFO [main] org.apache.catalina.startup.VersionLoggerListener.log Java Home:             C:\Program Files\Java\jdk-17
15-Feb-2022 22:39:00.296 INFO [main] org.apache.catalina.startup.VersionLoggerListener.log JVM Version:           17+35-LTS-2724
15-Feb-2022 22:39:00.296 INFO [main] org.apache.catalina.startup.VersionLoggerListener.log JVM Vendor:            Oracle Corporation
15-Feb-2022 22:39:00.296 INFO [main] org.apache.catalina.startup.VersionLoggerListener.log CATALINA_BASE:         C:\Users\Богдан\IdeaProjects\nix_8\hw_10_clean_spring\apache-tomcat-9.0.55
15-Feb-2022 22:39:00.296 INFO [main] org.apache.catalina.startup.VersionLoggerListener.log CATALINA_HOME:         C:\Users\Богдан\IdeaProjects\nix_8\hw_10_clean_spring\apache-tomcat-9.0.55
15-Feb-2022 22:39:00.310 INFO [main] org.apache.catalina.startup.VersionLoggerListener.log Command line argument: --add-opens=java.base/java.lang=ALL-UNNAMED
15-Feb-2022 22:39:00.311 INFO [main] org.apache.catalina.startup.VersionLoggerListener.log Command line argument: --add-opens=java.base/java.io=ALL-UNNAMED
15-Feb-2022 22:39:00.311 INFO [main] org.apache.catalina.startup.VersionLoggerListener.log Command line argument: --add-opens=java.base/java.util=ALL-UNNAMED
15-Feb-2022 22:39:00.311 INFO [main] org.apache.catalina.startup.VersionLoggerListener.log Command line argument: --add-opens=java.base/java.util.concurrent=ALL-UNNAMED
15-Feb-2022 22:39:00.311 INFO [main] org.apache.catalina.startup.VersionLoggerListener.log Command line argument: --add-opens=java.rmi/sun.rmi.transport=ALL-UNNAMED
15-Feb-2022 22:39:00.311 INFO [main] org.apache.catalina.startup.VersionLoggerListener.log Command line argument: -Djava.util.logging.config.file=C:/Users/Богдан/IdeaProjects/nix_8/hw_10_clean_spring/apache-tomcat-9.0.55/conf/logging.properties
15-Feb-2022 22:39:00.311 INFO [main] org.apache.catalina.startup.VersionLoggerListener.log Command line argument: -Djava.util.logging.manager=org.apache.juli.ClassLoaderLogManager
15-Feb-2022 22:39:00.312 INFO [main] org.apache.catalina.startup.VersionLoggerListener.log Command line argument: -Djdk.tls.ephemeralDHKeySize=2048
15-Feb-2022 22:39:00.312 INFO [main] org.apache.catalina.startup.VersionLoggerListener.log Command line argument: -Djava.protocol.handler.pkgs=org.apache.catalina.webresources
15-Feb-2022 22:39:00.312 INFO [main] org.apache.catalina.startup.VersionLoggerListener.log Command line argument: -Dorg.apache.catalina.security.SecurityListener.UMASK=0027
15-Feb-2022 22:39:00.312 INFO [main] org.apache.catalina.startup.VersionLoggerListener.log Command line argument: -Dignore.endorsed.dirs=
15-Feb-2022 22:39:00.312 INFO [main] org.apache.catalina.startup.VersionLoggerListener.log Command line argument: -Dcatalina.base=C:/Users/Богдан/IdeaProjects/nix_8/hw_10_clean_spring/apache-tomcat-9.0.55
15-Feb-2022 22:39:00.312 INFO [main] org.apache.catalina.startup.VersionLoggerListener.log Command line argument: -Dcatalina.home=C:/Users/Богдан/IdeaProjects/nix_8/hw_10_clean_spring/apache-tomcat-9.0.55
15-Feb-2022 22:39:00.312 INFO [main] org.apache.catalina.startup.VersionLoggerListener.log Command line argument: -Djava.io.tmpdir=C:/Users/Богдан/IdeaProjects/nix_8/hw_10_clean_spring/apache-tomcat-9.0.55/temp
15-Feb-2022 22:39:00.317 INFO [main] org.apache.catalina.core.AprLifecycleListener.lifecycleEvent The Apache Tomcat Native library which allows using OpenSSL was not found on the java.library.path: [C:\Program Files\Java\jdk-17\bin;C:\WINDOWS\Sun\Java\bin;C:\WINDOWS\system32;C:\WINDOWS;C:\Users\Богдан\bin;C:\Program Files\Git\mingw64\bin;C:\Program Files\Git\usr\local\bin;C:\Program Files\Git\usr\bin;C:\Program Files\Git\usr\bin;C:\Program Files\Git\mingw64\bin;C:\Program Files\Git\usr\bin;C:\Users\Богдан\bin;C:\ProgramData\Oracle\Java\javapath;C:\Program Files\Common Files\Oracle\Java\javapath;C:\WINDOWS\system32;C:\WINDOWS;C:\WINDOWS\System32\Wbem;C:\WINDOWS\System32\WindowsPowerShell\v1.0;C:\WINDOWS\System32\OpenSSH;C:\Program Files\Git\cmd;C:\Program Files\apache-maven-3.8.3\bin;C:\Program Files\nodejs;C:\Program Files\MySQL\MySQL Shell 8.0\bin;C:\Users\Богдан\AppData\Local\Microsoft\WindowsApps;C:\Program Files\JetBrains\IntelliJ IDEA 2021.2.2\bin;C:\Users\Богдан\AppData\Roaming\npm;C:\Program Files\Git\usr\bin\vendor_perl;C:\Program Files\Git\usr\bin\core_perl;.]
15-Feb-2022 22:39:00.645 INFO [main] org.apache.coyote.AbstractProtocol.init Initializing ProtocolHandler ["http-nio-8080"]
15-Feb-2022 22:39:00.672 INFO [main] org.apache.catalina.startup.Catalina.load Server initialization in [698] milliseconds
15-Feb-2022 22:39:00.730 INFO [main] org.apache.catalina.core.StandardService.startInternal Starting service [Catalina]
15-Feb-2022 22:39:00.731 INFO [main] org.apache.catalina.core.StandardEngine.startInternal Starting Servlet engine: [Apache Tomcat/9.0.55]
15-Feb-2022 22:39:00.756 INFO [main] org.apache.catalina.startup.HostConfig.deployWAR Deploying web application archive [C:\Users\Богдан\IdeaProjects\nix_8\hw_10_clean_spring\apache-tomcat-9.0.55\webapps\hw_10_clean_spring.war]
15-Feb-2022 22:39:04.409 INFO [main] org.apache.jasper.servlet.TldScanner.scanJars At least one JAR was scanned for TLDs yet contained no TLDs. Enable debug logging for this logger for a complete list of JARs that were scanned but no TLDs were found in them. Skipping unneeded JARs during scanning can improve startup time and JSP compilation time.
15-Feb-2022 22:39:05.626 INFO [main] org.hibernate.Version.logVersion HHH000412: Hibernate ORM core version 5.6.5.Final
15-Feb-2022 22:39:06.127 INFO [main] org.hibernate.annotations.common.reflection.java.JavaReflectionManager.<clinit> HCANN000001: Hibernate Commons Annotations {5.1.2.Final}
15-Feb-2022 22:39:06.667 INFO [main] org.hibernate.dialect.Dialect.<init> HHH000400: Using dialect: org.hibernate.dialect.MySQL8Dialect
15-Feb-2022 22:39:08.324 INFO [main] org.hibernate.engine.transaction.jta.platform.internal.JtaPlatformInitiator.initiateService HHH000490: Using JtaPlatform implementation: [org.hibernate.engine.transaction.jta.platform.internal.NoJtaPlatform]
15-Feb-2022 22:39:09.373 INFO [main] org.apache.catalina.startup.HostConfig.deployWAR Deployment of web application archive [C:\Users\Богдан\IdeaProjects\nix_8\hw_10_clean_spring\apache-tomcat-9.0.55\webapps\hw_10_clean_spring.war] has finished in [8,617] ms
15-Feb-2022 22:39:09.377 INFO [main] org.apache.coyote.AbstractProtocol.start Starting ProtocolHandler ["http-nio-8080"]
15-Feb-2022 22:39:09.418 INFO [main] org.apache.catalina.startup.Catalina.start Server startup in [8745] milliseconds
