15-Feb-2022 22:24:01.146 INFO [main] org.apache.catalina.core.ApplicationContext.log No Spring WebApplicationInitializer types detected on classpath
15-Feb-2022 22:24:01.167 INFO [main] org.apache.catalina.core.ApplicationContext.log Initializing Spring root WebApplicationContext
15-Feb-2022 22:24:05.430 INFO [main] org.apache.catalina.core.ApplicationContext.log Initializing Spring DispatcherServlet 'dispatcher'
15-Feb-2022 22:24:53.019 INFO [main] org.apache.catalina.core.ApplicationContext.log Destroying Spring FrameworkServlet 'dispatcher'
15-Feb-2022 22:24:53.021 INFO [main] org.apache.catalina.core.ApplicationContext.log Closing Spring root WebApplicationContext
15-Feb-2022 22:31:22.413 INFO [main] org.apache.catalina.core.ApplicationContext.log No Spring WebApplicationInitializer types detected on classpath
15-Feb-2022 22:31:22.435 INFO [main] org.apache.catalina.core.ApplicationContext.log Initializing Spring root WebApplicationContext
15-Feb-2022 22:31:27.094 INFO [main] org.apache.catalina.core.ApplicationContext.log Initializing Spring DispatcherServlet 'dispatcher'
15-Feb-2022 22:32:17.974 INFO [Catalina-utility-1] org.apache.catalina.core.ApplicationContext.log Destroying Spring FrameworkServlet 'dispatcher'
15-Feb-2022 22:32:17.976 INFO [Catalina-utility-1] org.apache.catalina.core.ApplicationContext.log Closing Spring root WebApplicationContext
15-Feb-2022 22:32:20.745 INFO [Catalina-utility-1] org.apache.catalina.core.ApplicationContext.log No Spring WebApplicationInitializer types detected on classpath
15-Feb-2022 22:32:20.764 INFO [Catalina-utility-1] org.apache.catalina.core.ApplicationContext.log Initializing Spring root WebApplicationContext
15-Feb-2022 22:32:24.373 INFO [Catalina-utility-1] org.apache.catalina.core.ApplicationContext.log Initializing Spring DispatcherServlet 'dispatcher'
15-Feb-2022 22:34:03.281 INFO [main] org.apache.catalina.core.ApplicationContext.log Destroying Spring FrameworkServlet 'dispatcher'
15-Feb-2022 22:34:03.283 INFO [main] org.apache.catalina.core.ApplicationContext.log Closing Spring root WebApplicationContext
15-Feb-2022 22:34:14.278 INFO [main] org.apache.catalina.core.ApplicationContext.log No Spring WebApplicationInitializer types detected on classpath
15-Feb-2022 22:34:14.308 INFO [main] org.apache.catalina.core.ApplicationContext.log Initializing Spring root WebApplicationContext
15-Feb-2022 22:34:18.708 INFO [main] org.apache.catalina.core.ApplicationContext.log Initializing Spring DispatcherServlet 'dispatcher'
15-Feb-2022 22:39:04.460 INFO [main] org.apache.catalina.core.ApplicationContext.log No Spring WebApplicationInitializer types detected on classpath
15-Feb-2022 22:39:04.484 INFO [main] org.apache.catalina.core.ApplicationContext.log Initializing Spring root WebApplicationContext
15-Feb-2022 22:39:08.546 INFO [main] org.apache.catalina.core.ApplicationContext.log Initializing Spring DispatcherServlet 'dispatcher'
